{"C:\\Users\\Son\\OneDrive\\Documents\\repo\\ecommerce_gadgets\\gadget_ecommerce\\user_auth_service\\index.js": {"path":"C:\\Users\\Son\\OneDrive\\Documents\\repo\\ecommerce_gadgets\\gadget_ecommerce\\user_auth_service\\index.js","statementMap":{"0":{"start":{"line":2,"column":0},"end":{"line":2,"column":16}},"1":{"start":{"line":11,"column":12},"end":{"line":11,"column":21}},"2":{"start":{"line":12,"column":0},"end":{"line":12,"column":24}},"3":{"start":{"line":14,"column":13},"end":{"line":14,"column":29}},"4":{"start":{"line":15,"column":18},"end":{"line":15,"column":39}},"5":{"start":{"line":17,"column":0},"end":{"line":21,"column":4}},"6":{"start":{"line":23,"column":0},"end":{"line":26,"column":3}},"7":{"start":{"line":24,"column":2},"end":{"line":24,"column":112}},"8":{"start":{"line":25,"column":2},"end":{"line":25,"column":9}},"9":{"start":{"line":28,"column":0},"end":{"line":35,"column":3}},"10":{"start":{"line":29,"column":2},"end":{"line":29,"column":67}},"11":{"start":{"line":30,"column":2},"end":{"line":34,"column":5}},"12":{"start":{"line":41,"column":0},"end":{"line":44,"column":15}},"13":{"start":{"line":42,"column":2},"end":{"line":42,"column":73}},"14":{"start":{"line":43,"column":2},"end":{"line":43,"column":9}},"15":{"start":{"line":50,"column":0},"end":{"line":59,"column":1}},"16":{"start":{"line":51,"column":2},"end":{"line":58,"column":67}},"17":{"start":{"line":53,"column":6},"end":{"line":53,"column":39}},"18":{"start":{"line":54,"column":6},"end":{"line":56,"column":9}},"19":{"start":{"line":55,"column":8},"end":{"line":55,"column":65}},"20":{"start":{"line":58,"column":18},"end":{"line":58,"column":65}}},"fnMap":{"0":{"name":"(anonymous_0)","decl":{"start":{"line":23,"column":8},"end":{"line":23,"column":9}},"loc":{"start":{"line":23,"column":28},"end":{"line":26,"column":1}},"line":23},"1":{"name":"(anonymous_1)","decl":{"start":{"line":28,"column":19},"end":{"line":28,"column":20}},"loc":{"start":{"line":28,"column":33},"end":{"line":35,"column":1}},"line":28},"2":{"name":"(anonymous_2)","decl":{"start":{"line":41,"column":17},"end":{"line":41,"column":18}},"loc":{"start":{"line":41,"column":37},"end":{"line":44,"column":1}},"line":41},"3":{"name":"(anonymous_3)","decl":{"start":{"line":52,"column":10},"end":{"line":52,"column":11}},"loc":{"start":{"line":52,"column":16},"end":{"line":57,"column":5}},"line":52},"4":{"name":"(anonymous_4)","decl":{"start":{"line":54,"column":23},"end":{"line":54,"column":24}},"loc":{"start":{"line":54,"column":29},"end":{"line":56,"column":7}},"line":54},"5":{"name":"(anonymous_5)","decl":{"start":{"line":58,"column":11},"end":{"line":58,"column":12}},"loc":{"start":{"line":58,"column":18},"end":{"line":58,"column":65}},"line":58}},"branchMap":{"0":{"loc":{"start":{"line":50,"column":0},"end":{"line":59,"column":1}},"type":"if","locations":[{"start":{"line":50,"column":0},"end":{"line":59,"column":1}},{"start":{},"end":{}}],"line":50}},"s":{"0":1,"1":1,"2":1,"3":1,"4":1,"5":1,"6":1,"7":0,"8":0,"9":1,"10":0,"11":0,"12":1,"13":0,"14":0,"15":1,"16":0,"17":0,"18":0,"19":0,"20":0},"f":{"0":0,"1":0,"2":0,"3":0,"4":0,"5":0},"b":{"0":[0,1]},"_coverageSchema":"1a1c01bbd47fc00a2c39e90264f33305004495a9","hash":"3dc6200c6e9c2873e1503113d3ed8c3ebf35405c"}
,"C:\\Users\\Son\\OneDrive\\Documents\\repo\\ecommerce_gadgets\\gadget_ecommerce\\user_auth_service\\controllers\\authController.js": {"path":"C:\\Users\\Son\\OneDrive\\Documents\\repo\\ecommerce_gadgets\\gadget_ecommerce\\user_auth_service\\controllers\\authController.js","statementMap":{"0":{"start":{"line":5,"column":4},"end":{"line":10,"column":5}},"1":{"start":{"line":6,"column":19},"end":{"line":6,"column":55}},"2":{"start":{"line":7,"column":6},"end":{"line":7,"column":84}},"3":{"start":{"line":9,"column":6},"end":{"line":9,"column":72}},"4":{"start":{"line":14,"column":4},"end":{"line":19,"column":5}},"5":{"start":{"line":15,"column":20},"end":{"line":15,"column":78}},"6":{"start":{"line":16,"column":6},"end":{"line":16,"column":84}},"7":{"start":{"line":18,"column":6},"end":{"line":18,"column":72}}},"fnMap":{"0":{"name":"(anonymous_0)","decl":{"start":{"line":4,"column":2},"end":{"line":4,"column":3}},"loc":{"start":{"line":4,"column":27},"end":{"line":11,"column":3}},"line":4},"1":{"name":"(anonymous_1)","decl":{"start":{"line":13,"column":2},"end":{"line":13,"column":3}},"loc":{"start":{"line":13,"column":24},"end":{"line":20,"column":3}},"line":13}},"branchMap":{},"s":{"0":2,"1":2,"2":1,"3":1,"4":2,"5":2,"6":1,"7":1},"f":{"0":2,"1":2},"b":{},"_coverageSchema":"1a1c01bbd47fc00a2c39e90264f33305004495a9","hash":"33a90041a7b6ba8b8f50d8f9861e8e0ad8cafe34"}
,"C:\\Users\\Son\\OneDrive\\Documents\\repo\\ecommerce_gadgets\\gadget_ecommerce\\user_auth_service\\models\\userSchema.js": {"path":"C:\\Users\\Son\\OneDrive\\Documents\\repo\\ecommerce_gadgets\\gadget_ecommerce\\user_auth_service\\models\\userSchema.js","statementMap":{"0":{"start":{"line":3,"column":19},"end":{"line":14,"column":24}},"1":{"start":{"line":16,"column":20},"end":{"line":16,"column":54}}},"fnMap":{},"branchMap":{},"s":{"0":1,"1":1},"f":{},"b":{},"_coverageSchema":"1a1c01bbd47fc00a2c39e90264f33305004495a9","hash":"71fafb5596acf381de494221e0a13f0056e413de"}
,"C:\\Users\\Son\\OneDrive\\Documents\\repo\\ecommerce_gadgets\\gadget_ecommerce\\user_auth_service\\models\\userTypes.js": {"path":"C:\\Users\\Son\\OneDrive\\Documents\\repo\\ecommerce_gadgets\\gadget_ecommerce\\user_auth_service\\models\\userTypes.js","statementMap":{"0":{"start":{"line":4,"column":4},"end":{"line":4,"column":30}},"1":{"start":{"line":5,"column":4},"end":{"line":5,"column":32}},"2":{"start":{"line":6,"column":4},"end":{"line":6,"column":38}},"3":{"start":{"line":7,"column":4},"end":{"line":7,"column":46}},"4":{"start":{"line":8,"column":4},"end":{"line":8,"column":34}},"5":{"start":{"line":9,"column":4},"end":{"line":9,"column":48}},"6":{"start":{"line":15,"column":4},"end":{"line":15,"column":30}},"7":{"start":{"line":16,"column":4},"end":{"line":16,"column":32}},"8":{"start":{"line":17,"column":4},"end":{"line":17,"column":38}},"9":{"start":{"line":18,"column":4},"end":{"line":18,"column":46}},"10":{"start":{"line":19,"column":4},"end":{"line":19,"column":32}},"11":{"start":{"line":20,"column":4},"end":{"line":20,"column":48}}},"fnMap":{"0":{"name":"(anonymous_0)","decl":{"start":{"line":3,"column":2},"end":{"line":3,"column":3}},"loc":{"start":{"line":3,"column":24},"end":{"line":10,"column":3}},"line":3},"1":{"name":"(anonymous_1)","decl":{"start":{"line":14,"column":2},"end":{"line":14,"column":3}},"loc":{"start":{"line":14,"column":24},"end":{"line":21,"column":3}},"line":14}},"branchMap":{},"s":{"0":0,"1":0,"2":0,"3":0,"4":0,"5":0,"6":0,"7":0,"8":0,"9":0,"10":0,"11":0},"f":{"0":0,"1":0},"b":{},"_coverageSchema":"1a1c01bbd47fc00a2c39e90264f33305004495a9","hash":"cee80f32f33cf57e8f975bfd87a374cdc3fd215c"}
,"C:\\Users\\Son\\OneDrive\\Documents\\repo\\ecommerce_gadgets\\gadget_ecommerce\\user_auth_service\\repositories\\userRepositories.js": {"path":"C:\\Users\\Son\\OneDrive\\Documents\\repo\\ecommerce_gadgets\\gadget_ecommerce\\user_auth_service\\repositories\\userRepositories.js","statementMap":{"0":{"start":{"line":5,"column":4},"end":{"line":5,"column":35}},"1":{"start":{"line":9,"column":17},"end":{"line":9,"column":35}},"2":{"start":{"line":10,"column":4},"end":{"line":10,"column":23}}},"fnMap":{"0":{"name":"(anonymous_0)","decl":{"start":{"line":4,"column":2},"end":{"line":4,"column":3}},"loc":{"start":{"line":4,"column":27},"end":{"line":6,"column":3}},"line":4},"1":{"name":"(anonymous_1)","decl":{"start":{"line":8,"column":2},"end":{"line":8,"column":3}},"loc":{"start":{"line":8,"column":25},"end":{"line":11,"column":3}},"line":8}},"branchMap":{},"s":{"0":0,"1":0,"2":0},"f":{"0":0,"1":0},"b":{},"_coverageSchema":"1a1c01bbd47fc00a2c39e90264f33305004495a9","hash":"e6f22e215faaa36e1786170c9facc21b3e0ec09c"}
,"C:\\Users\\Son\\OneDrive\\Documents\\repo\\ecommerce_gadgets\\gadget_ecommerce\\user_auth_service\\routes\\authRoutes.js": {"path":"C:\\Users\\Son\\OneDrive\\Documents\\repo\\ecommerce_gadgets\\gadget_ecommerce\\user_auth_service\\routes\\authRoutes.js","statementMap":{"0":{"start":{"line":4,"column":15},"end":{"line":4,"column":31}},"1":{"start":{"line":6,"column":0},"end":{"line":6,"column":71}},"2":{"start":{"line":7,"column":0},"end":{"line":7,"column":65}}},"fnMap":{},"branchMap":{},"s":{"0":1,"1":1,"2":1},"f":{},"b":{},"_coverageSchema":"1a1c01bbd47fc00a2c39e90264f33305004495a9","hash":"873fc0230add62f66efa880f3f5e0ad706d70f96"}
,"C:\\Users\\Son\\OneDrive\\Documents\\repo\\ecommerce_gadgets\\gadget_ecommerce\\user_auth_service\\services\\authService.js": {"path":"C:\\Users\\Son\\OneDrive\\Documents\\repo\\ecommerce_gadgets\\gadget_ecommerce\\user_auth_service\\services\\authService.js","statementMap":{"0":{"start":{"line":6,"column":17},"end":{"line":6,"column":37}},"1":{"start":{"line":10,"column":25},"end":{"line":10,"column":67}},"2":{"start":{"line":11,"column":4},"end":{"line":11,"column":61}},"3":{"start":{"line":11,"column":22},"end":{"line":11,"column":61}},"4":{"start":{"line":13,"column":17},"end":{"line":13,"column":49}},"5":{"start":{"line":15,"column":4},"end":{"line":15,"column":61}},"6":{"start":{"line":16,"column":4},"end":{"line":16,"column":33}},"7":{"start":{"line":20,"column":17},"end":{"line":20,"column":50}},"8":{"start":{"line":21,"column":4},"end":{"line":21,"column":49}},"9":{"start":{"line":21,"column":15},"end":{"line":21,"column":49}},"10":{"start":{"line":23,"column":26},"end":{"line":23,"column":78}},"11":{"start":{"line":24,"column":4},"end":{"line":24,"column":63}},"12":{"start":{"line":24,"column":24},"end":{"line":24,"column":63}},"13":{"start":{"line":26,"column":18},"end":{"line":32,"column":52}},"14":{"start":{"line":34,"column":4},"end":{"line":34,"column":17}}},"fnMap":{"0":{"name":"(anonymous_0)","decl":{"start":{"line":9,"column":2},"end":{"line":9,"column":3}},"loc":{"start":{"line":9,"column":27},"end":{"line":17,"column":3}},"line":9},"1":{"name":"(anonymous_1)","decl":{"start":{"line":19,"column":2},"end":{"line":19,"column":3}},"loc":{"start":{"line":19,"column":31},"end":{"line":35,"column":3}},"line":19}},"branchMap":{"0":{"loc":{"start":{"line":11,"column":4},"end":{"line":11,"column":61}},"type":"if","locations":[{"start":{"line":11,"column":4},"end":{"line":11,"column":61}},{"start":{},"end":{}}],"line":11},"1":{"loc":{"start":{"line":21,"column":4},"end":{"line":21,"column":49}},"type":"if","locations":[{"start":{"line":21,"column":4},"end":{"line":21,"column":49}},{"start":{},"end":{}}],"line":21},"2":{"loc":{"start":{"line":24,"column":4},"end":{"line":24,"column":63}},"type":"if","locations":[{"start":{"line":24,"column":4},"end":{"line":24,"column":63}},{"start":{},"end":{}}],"line":24}},"s":{"0":1,"1":0,"2":0,"3":0,"4":0,"5":0,"6":0,"7":0,"8":0,"9":0,"10":0,"11":0,"12":0,"13":0,"14":0},"f":{"0":0,"1":0},"b":{"0":[0,0],"1":[0,0],"2":[0,0]},"_coverageSchema":"1a1c01bbd47fc00a2c39e90264f33305004495a9","hash":"efa72c47bf5d4a2cfe9bf6648c67e5a1e9268393"}
,"C:\\Users\\Son\\OneDrive\\Documents\\repo\\ecommerce_gadgets\\gadget_ecommerce\\user_auth_service\\services\\passwordHasher.js": {"path":"C:\\Users\\Son\\OneDrive\\Documents\\repo\\ecommerce_gadgets\\gadget_ecommerce\\user_auth_service\\services\\passwordHasher.js","statementMap":{"0":{"start":{"line":5,"column":4},"end":{"line":5,"column":33}},"1":{"start":{"line":8,"column":4},"end":{"line":8,"column":41}}},"fnMap":{"0":{"name":"(anonymous_0)","decl":{"start":{"line":4,"column":2},"end":{"line":4,"column":3}},"loc":{"start":{"line":4,"column":23},"end":{"line":6,"column":3}},"line":4},"1":{"name":"(anonymous_1)","decl":{"start":{"line":7,"column":2},"end":{"line":7,"column":3}},"loc":{"start":{"line":7,"column":31},"end":{"line":9,"column":3}},"line":7}},"branchMap":{},"s":{"0":0,"1":0},"f":{"0":0,"1":0},"b":{},"_coverageSchema":"1a1c01bbd47fc00a2c39e90264f33305004495a9","hash":"cc7a6ef901f93964bf823382d617f144d1f85388"}
,"C:\\Users\\Son\\OneDrive\\Documents\\repo\\ecommerce_gadgets\\gadget_ecommerce\\user_auth_service\\services\\factory\\userFactory.js": {"path":"C:\\Users\\Son\\OneDrive\\Documents\\repo\\ecommerce_gadgets\\gadget_ecommerce\\user_auth_service\\services\\factory\\userFactory.js","statementMap":{"0":{"start":{"line":6,"column":4},"end":{"line":12,"column":5}},"1":{"start":{"line":8,"column":8},"end":{"line":8,"column":36}},"2":{"start":{"line":11,"column":8},"end":{"line":11,"column":38}}},"fnMap":{"0":{"name":"(anonymous_0)","decl":{"start":{"line":5,"column":2},"end":{"line":5,"column":3}},"loc":{"start":{"line":5,"column":30},"end":{"line":13,"column":3}},"line":5}},"branchMap":{"0":{"loc":{"start":{"line":6,"column":4},"end":{"line":12,"column":5}},"type":"switch","locations":[{"start":{"line":7,"column":6},"end":{"line":8,"column":36}},{"start":{"line":9,"column":6},"end":{"line":9,"column":22}},{"start":{"line":10,"column":6},"end":{"line":11,"column":38}}],"line":6}},"s":{"0":0,"1":0,"2":0},"f":{"0":0},"b":{"0":[0,0,0]},"_coverageSchema":"1a1c01bbd47fc00a2c39e90264f33305004495a9","hash":"2e344ac3e4725d4164aebaa88fb275d48ba9d114"}
}
